<?xml version="1.0" encoding="UTF-8"?>
<testsuite xmlns:xsi="http://www.w3.org/2001/XMLSchema-instance" xsi:noNamespaceSchemaLocation="https://maven.apache.org/surefire/maven-surefire-plugin/xsd/surefire-test-report.xsd" version="3.0.2" name="consultoria.askyu.nf.NfApplicationTests" time="4.485" tests="1" errors="0" skipped="0" failures="0">
  <properties>
[...]
</properties>
  <testcase name="contextLoads" classname="consultoria.askyu.nf.NfApplicationTests" time="0.861">
    <system-out><![CDATA[Standard Commons Logging discovery in action with spring-jcl: please remove commons-logging.jar from classpath in order to avoid potential conflicts
16:23:46.437 [main] INFO org.springframework.test.context.support.AnnotationConfigContextLoaderUtils -- Could not detect default configuration classes for test class [consultoria.askyu.nf.NfApplicationTests]: NfApplicationTests does not declare any static, non-private, non-final, nested classes annotated with @Configuration.
16:23:46.648 [main] INFO org.springframework.boot.test.context.SpringBootTestContextBootstrapper -- Found @SpringBootConfiguration consultoria.askyu.nf.NfApplication for test class consultoria.askyu.nf.NfApplicationTests

  .   ____          _            __ _ _
 /\\ / ___'_ __ _ _(_)_ __  __ _ \ \ \ \
( ( )\___ | '_ | '_| | '_ \/ _` | \ \ \ \
 \\/  ___)| |_)| | | | | || (_| |  ) ) ) )
  '  |____| .__|_| |_|_| |_\__, | / / / /
 =========|_|==============|___/=/_/_/_/

 :: Spring Boot ::                (v3.4.4)

2025-03-29T16:23:47.253-03:00  INFO 2968 --- [notaFiscalBackEnd] [           main] c.askyu.nf.NfApplicationTests            : Starting NfApplicationTests using Java 20.0.2 with PID 2968 (started by kayky in C:\Users\kayky\OneDrive\Documentos\SPTECH\3SIS1\NF-Backend\nf)
2025-03-29T16:23:47.254-03:00  INFO 2968 --- [notaFiscalBackEnd] [           main] c.askyu.nf.NfApplicationTests            : No active profile set, falling back to 1 default profile: "default"
2025-03-29T16:23:49.852-03:00  INFO 2968 --- [notaFiscalBackEnd] [           main] c.askyu.nf.NfApplicationTests            : Started NfApplicationTests in 2.936 seconds (process running for 4.761)
]]></system-out>
  </testcase>
</testsuite>