<?xml version="1.0" encoding="UTF-8"?>
<testsuite xmlns:xsi="http://www.w3.org/2001/XMLSchema-instance" xsi:noNamespaceSchemaLocation="https://maven.apache.org/surefire/maven-surefire-plugin/xsd/surefire-test-report.xsd" version="3.0.2" name="consultoria.askyu.nf.NfApplicationTests" time="8.651" tests="1" errors="0" skipped="0" failures="0">
  <properties>
[...]
</properties>
  <testcase name="contextLoads" classname="consultoria.askyu.nf.NfApplicationTests" time="0.853">
    <system-out><![CDATA[Standard Commons Logging discovery in action with spring-jcl: please remove commons-logging.jar from classpath in order to avoid potential conflicts
11:55:04.216 [main] INFO org.springframework.test.context.support.AnnotationConfigContextLoaderUtils -- Could not detect default configuration classes for test class [consultoria.askyu.nf.NfApplicationTests]: NfApplicationTests does not declare any static, non-private, non-final, nested classes annotated with @Configuration.
11:55:04.397 [main] INFO org.springframework.boot.test.context.SpringBootTestContextBootstrapper -- Found @SpringBootConfiguration consultoria.askyu.nf.NfApplication for test class consultoria.askyu.nf.NfApplicationTests

  .   ____          _            __ _ _
 /\\ / ___'_ __ _ _(_)_ __  __ _ \ \ \ \
( ( )\___ | '_ | '_| | '_ \/ _` | \ \ \ \
 \\/  ___)| |_)| | | | | || (_| |  ) ) ) )
  '  |____| .__|_| |_|_| |_\__, | / / / /
 =========|_|==============|___/=/_/_/_/

 :: Spring Boot ::                (v3.4.4)

2025-06-09T11:55:05.065-03:00  INFO 3996 --- [notaFiscalBackEnd] [           main] c.askyu.nf.NfApplicationTests            : Starting NfApplicationTests using Java 17.0.8 with PID 3996 (started by kayky in C:\Users\kayky\OneDrive\Documentos\SPTECH\3SIS1\Syntro-backend)
2025-06-09T11:55:05.072-03:00  INFO 3996 --- [notaFiscalBackEnd] [           main] c.askyu.nf.NfApplicationTests            : No active profile set, falling back to 1 default profile: "default"
2025-06-09T11:55:05.892-03:00  INFO 3996 --- [notaFiscalBackEnd] [           main] .s.d.r.c.RepositoryConfigurationDelegate : Bootstrapping Spring Data JPA repositories in DEFAULT mode.
2025-06-09T11:55:05.987-03:00  INFO 3996 --- [notaFiscalBackEnd] [           main] .s.d.r.c.RepositoryConfigurationDelegate : Finished Spring Data repository scanning in 81 ms. Found 2 JPA repository interfaces.
2025-06-09T11:55:06.837-03:00  INFO 3996 --- [notaFiscalBackEnd] [           main] o.hibernate.jpa.internal.util.LogHelper  : HHH000204: Processing PersistenceUnitInfo [name: default]
2025-06-09T11:55:06.919-03:00  INFO 3996 --- [notaFiscalBackEnd] [           main] org.hibernate.Version                    : HHH000412: Hibernate ORM core version 6.6.11.Final
2025-06-09T11:55:06.980-03:00  INFO 3996 --- [notaFiscalBackEnd] [           main] o.h.c.internal.RegionFactoryInitiator    : HHH000026: Second-level cache disabled
2025-06-09T11:55:07.466-03:00  INFO 3996 --- [notaFiscalBackEnd] [           main] o.s.o.j.p.SpringPersistenceUnitInfo      : No LoadTimeWeaver setup: ignoring JPA class transformer
2025-06-09T11:55:07.510-03:00  INFO 3996 --- [notaFiscalBackEnd] [           main] com.zaxxer.hikari.HikariDataSource       : HikariPool-1 - Starting...
2025-06-09T11:55:08.114-03:00  INFO 3996 --- [notaFiscalBackEnd] [           main] com.zaxxer.hikari.pool.HikariPool        : HikariPool-1 - Added connection com.mysql.cj.jdbc.ConnectionImpl@16391278
2025-06-09T11:55:08.117-03:00  INFO 3996 --- [notaFiscalBackEnd] [           main] com.zaxxer.hikari.HikariDataSource       : HikariPool-1 - Start completed.
2025-06-09T11:55:08.284-03:00  INFO 3996 --- [notaFiscalBackEnd] [           main] org.hibernate.orm.connections.pooling    : HHH10001005: Database info:
	Database JDBC URL [Connecting through datasource 'HikariDataSource (HikariPool-1)']
	Database driver: undefined/unknown
	Database version: 8.0.32
	Autocommit mode: undefined/unknown
	Isolation level: undefined/unknown
	Minimum pool size: undefined/unknown
	Maximum pool size: undefined/unknown
2025-06-09T11:55:09.450-03:00  INFO 3996 --- [notaFiscalBackEnd] [           main] o.h.e.t.j.p.i.JtaPlatformInitiator       : HHH000489: No JTA platform available (set 'hibernate.transaction.jta.platform' to enable JTA platform integration)
2025-06-09T11:55:09.548-03:00  INFO 3996 --- [notaFiscalBackEnd] [           main] j.LocalContainerEntityManagerFactoryBean : Initialized JPA EntityManagerFactory for persistence unit 'default'
2025-06-09T11:55:11.204-03:00  WARN 3996 --- [notaFiscalBackEnd] [           main] JpaBaseConfiguration$JpaWebConfiguration : spring.jpa.open-in-view is enabled by default. Therefore, database queries may be performed during view rendering. Explicitly configure spring.jpa.open-in-view to disable this warning
2025-06-09T11:55:11.744-03:00  INFO 3996 --- [notaFiscalBackEnd] [           main] c.askyu.nf.NfApplicationTests            : Started NfApplicationTests in 7.113 seconds (process running for 8.722)
]]></system-out>
  </testcase>
</testsuite>